======================================================================
 LSTM baseline для direction forecasting
======================================================================
 Устройство:    mps
 PyTorch:       2.12.0
 Random seed:   42
 END_DATE:      2026-06-01 (фиксация для статьи)
 Horizon:       k = 5 дней
 Sequence len:  20 дней
 LSTM hidden:   32, layers: 2
 Epochs (max):  50, patience: 10
 Символы:       ['GLD', 'MSFT', '^DJI', '^RUT']
======================================================================

[LSTM] === Символ: GLD ===
[LSTM] GLD: 2748 строк, 60 признаков
[LSTM] GLD fold=0: train=1180 val=106 test=106
[LSTM] GLD fold=0 TEST: AUC=0.6797 F1=0.6102 BalAcc=0.5913
[LSTM] GLD fold=1: train=1243 val=106 test=106
[LSTM] GLD fold=1 TEST: AUC=0.3120 F1=0.5890 BalAcc=0.4270
[LSTM] GLD fold=2: train=1306 val=106 test=106
[LSTM] GLD fold=2 TEST: AUC=0.5585 F1=0.6406 BalAcc=0.5514
[LSTM] GLD fold=3: train=1369 val=106 test=106
[LSTM] GLD fold=3 TEST: AUC=0.4571 F1=0.6914 BalAcc=0.5000
[LSTM] GLD fold=4: train=1432 val=106 test=106
[LSTM] GLD fold=4 TEST: AUC=0.5505 F1=0.6809 BalAcc=0.5278
[LSTM] GLD fold=5: train=1495 val=106 test=106
[LSTM] GLD fold=5 TEST: AUC=0.6075 F1=0.5421 BalAcc=0.5400
[LSTM] GLD fold=6: train=1558 val=106 test=106
[LSTM] GLD fold=6 TEST: AUC=0.5783 F1=0.4754 BalAcc=0.5058
[LSTM] GLD fold=7: train=1621 val=106 test=106
[LSTM] GLD fold=7 TEST: AUC=0.5813 F1=0.6053 BalAcc=0.4894
[LSTM] GLD fold=8: train=1684 val=106 test=106
[LSTM] GLD fold=8 TEST: AUC=0.2601 F1=0.7229 BalAcc=0.5000
[LSTM] GLD fold=9: train=1747 val=106 test=106
[LSTM] GLD fold=9 TEST: AUC=0.5300 F1=0.3662 BalAcc=0.5235
[LSTM] GLD fold=10: train=1810 val=106 test=106
[LSTM] GLD fold=10 TEST: AUC=0.6960 F1=0.0000 BalAcc=0.5000
[LSTM] GLD fold=11: train=1873 val=106 test=106
[LSTM] GLD fold=11 TEST: AUC=0.6254 F1=0.7073 BalAcc=0.5000
[LSTM] GLD fold=12: train=1936 val=106 test=106
[LSTM] GLD fold=12 TEST: AUC=0.5400 F1=0.0000 BalAcc=0.5000
[LSTM] GLD fold=13: train=1999 val=106 test=106
[LSTM] GLD fold=13 TEST: AUC=0.4005 F1=0.0000 BalAcc=0.4884
[LSTM] GLD fold=14: train=2062 val=106 test=106
[LSTM] GLD fold=14 TEST: AUC=0.6064 F1=0.0000 BalAcc=0.5000
[LSTM] GLD fold=15: train=2125 val=106 test=106
[LSTM] GLD fold=15 TEST: AUC=0.5216 F1=0.5763 BalAcc=0.5242
[LSTM] GLD fold=16: train=2188 val=106 test=106
[LSTM] GLD fold=16 TEST: AUC=0.4845 F1=0.4356 BalAcc=0.5243
[LSTM] GLD fold=17: train=2251 val=106 test=106
[LSTM] GLD fold=17 TEST: AUC=0.6311 F1=0.0000 BalAcc=0.5000
[LSTM] GLD fold=18: train=2314 val=106 test=106
[LSTM] GLD fold=18 TEST: AUC=0.4973 F1=0.7816 BalAcc=0.5000
[LSTM] GLD fold=19: train=2377 val=106 test=106
[LSTM] GLD fold=19 TEST: AUC=0.5605 F1=0.3441 BalAcc=0.5376
[LSTM] GLD fold=20: train=2440 val=106 test=106
[LSTM] GLD fold=20 TEST: AUC=0.5064 F1=0.7674 BalAcc=0.5000

[LSTM] === Символ: MSFT ===
[LSTM] MSFT: 2748 строк, 60 признаков
[LSTM] MSFT fold=0: train=1180 val=106 test=106
[LSTM] MSFT fold=0 TEST: AUC=0.4454 F1=0.6994 BalAcc=0.5000
[LSTM] MSFT fold=1: train=1243 val=106 test=106
[LSTM] MSFT fold=1 TEST: AUC=0.6124 F1=0.6963 BalAcc=0.5823
[LSTM] MSFT fold=2: train=1306 val=106 test=106
[LSTM] MSFT fold=2 TEST: AUC=0.3606 F1=0.7619 BalAcc=0.5167
[LSTM] MSFT fold=3: train=1369 val=106 test=106
[LSTM] MSFT fold=3 TEST: AUC=0.4514 F1=0.5758 BalAcc=0.4471
[LSTM] MSFT fold=4: train=1432 val=106 test=106
[LSTM] MSFT fold=4 TEST: AUC=0.5749 F1=0.5960 BalAcc=0.5000
[LSTM] MSFT fold=5: train=1495 val=106 test=106
[LSTM] MSFT fold=5 TEST: AUC=0.5246 F1=0.5455 BalAcc=0.5202
[LSTM] MSFT fold=6: train=1558 val=106 test=106
[LSTM] MSFT fold=6 TEST: AUC=0.5345 F1=0.4176 BalAcc=0.4901
[LSTM] MSFT fold=7: train=1621 val=106 test=106
[LSTM] MSFT fold=7 TEST: AUC=0.6798 F1=0.4932 BalAcc=0.6180
[LSTM] MSFT fold=8: train=1684 val=106 test=106
[LSTM] MSFT fold=8 TEST: AUC=0.6383 F1=0.7362 BalAcc=0.4981
[LSTM] MSFT fold=9: train=1747 val=106 test=106
[LSTM] MSFT fold=9 TEST: AUC=0.6910 F1=0.7886 BalAcc=0.5000
[LSTM] MSFT fold=10: train=1810 val=106 test=106
[LSTM] MSFT fold=10 TEST: AUC=0.4115 F1=0.6667 BalAcc=0.5000
[LSTM] MSFT fold=11: train=1873 val=106 test=106
[LSTM] MSFT fold=11 TEST: AUC=0.6157 F1=0.7529 BalAcc=0.5000
[LSTM] MSFT fold=12: train=1936 val=106 test=106
[LSTM] MSFT fold=12 TEST: AUC=0.5178 F1=0.4211 BalAcc=0.5467
[LSTM] MSFT fold=13: train=1999 val=106 test=106
[LSTM] MSFT fold=13 TEST: AUC=0.5508 F1=0.6806 BalAcc=0.5087
[LSTM] MSFT fold=14: train=2062 val=106 test=106
[LSTM] MSFT fold=14 TEST: AUC=0.5404 F1=0.6914 BalAcc=0.5000
[LSTM] MSFT fold=15: train=2125 val=106 test=106
[LSTM] MSFT fold=15 TEST: AUC=0.5836 F1=0.6230 BalAcc=0.5578
[LSTM] MSFT fold=16: train=2188 val=106 test=106
[LSTM] MSFT fold=16 TEST: AUC=0.4832 F1=0.6579 BalAcc=0.5357
[LSTM] MSFT fold=17: train=2251 val=106 test=106
[LSTM] MSFT fold=17 TEST: AUC=0.3898 F1=0.5693 BalAcc=0.4025
[LSTM] MSFT fold=18: train=2314 val=106 test=106
[LSTM] MSFT fold=18 TEST: AUC=0.5482 F1=0.4074 BalAcc=0.4469
[LSTM] MSFT fold=19: train=2377 val=106 test=106
[LSTM] MSFT fold=19 TEST: AUC=0.5995 F1=0.5950 BalAcc=0.5377
[LSTM] MSFT fold=20: train=2440 val=106 test=106
[LSTM] MSFT fold=20 TEST: AUC=0.5026 F1=0.5347 BalAcc=0.5714

[LSTM] === Символ: ^DJI ===
[LSTM] ^DJI: 2748 строк, 60 признаков
[LSTM] ^DJI fold=0: train=1180 val=106 test=106
[LSTM] ^DJI fold=0 TEST: AUC=0.6981 F1=0.8046 BalAcc=0.5042
[LSTM] ^DJI fold=1: train=1243 val=106 test=106
[LSTM] ^DJI fold=1 TEST: AUC=0.6439 F1=0.2078 BalAcc=0.5580
[LSTM] ^DJI fold=2: train=1306 val=106 test=106
[LSTM] ^DJI fold=2 TEST: AUC=0.6096 F1=0.1538 BalAcc=0.4964
[LSTM] ^DJI fold=3: train=1369 val=106 test=106
[LSTM] ^DJI fold=3 TEST: AUC=0.6135 F1=0.5843 BalAcc=0.6579
[LSTM] ^DJI fold=4: train=1432 val=106 test=106
[LSTM] ^DJI fold=4 TEST: AUC=0.7207 F1=0.6452 BalAcc=0.6877
[LSTM] ^DJI fold=5: train=1495 val=106 test=106
[LSTM] ^DJI fold=5 TEST: AUC=0.6674 F1=0.5676 BalAcc=0.5000
[LSTM] ^DJI fold=6: train=1558 val=106 test=106
[LSTM] ^DJI fold=6 TEST: AUC=0.4158 F1=0.5857 BalAcc=0.4955
[LSTM] ^DJI fold=7: train=1621 val=106 test=106
[LSTM] ^DJI fold=7 TEST: AUC=0.5050 F1=0.6914 BalAcc=0.5000
[LSTM] ^DJI fold=8: train=1684 val=106 test=106
[LSTM] ^DJI fold=8 TEST: AUC=0.3720 F1=0.4310 BalAcc=0.3724
[LSTM] ^DJI fold=9: train=1747 val=106 test=106
[LSTM] ^DJI fold=9 TEST: AUC=0.4562 F1=0.0000 BalAcc=0.5000
[LSTM] ^DJI fold=10: train=1810 val=106 test=106
[LSTM] ^DJI fold=10 TEST: AUC=0.5330 F1=0.1875 BalAcc=0.4763
[LSTM] ^DJI fold=11: train=1873 val=106 test=106
[LSTM] ^DJI fold=11 TEST: AUC=0.7728 F1=0.7152 BalAcc=0.5000
[LSTM] ^DJI fold=12: train=1936 val=106 test=106
[LSTM] ^DJI fold=12 TEST: AUC=0.6964 F1=0.8415 BalAcc=0.5000
[LSTM] ^DJI fold=13: train=1999 val=106 test=106
[LSTM] ^DJI fold=13 TEST: AUC=0.7274 F1=0.5773 BalAcc=0.6268
[LSTM] ^DJI fold=14: train=2062 val=106 test=106
[LSTM] ^DJI fold=14 TEST: AUC=0.7528 F1=0.7875 BalAcc=0.5781
[LSTM] ^DJI fold=15: train=2125 val=106 test=106
[LSTM] ^DJI fold=15 TEST: AUC=0.6924 F1=0.6727 BalAcc=0.6613
[LSTM] ^DJI fold=16: train=2188 val=106 test=106
[LSTM] ^DJI fold=16 TEST: AUC=0.6372 F1=0.6290 BalAcc=0.6055
[LSTM] ^DJI fold=17: train=2251 val=106 test=106
[LSTM] ^DJI fold=17 TEST: AUC=0.5746 F1=0.6914 BalAcc=0.5000
[LSTM] ^DJI fold=18: train=2314 val=106 test=106
[LSTM] ^DJI fold=18 TEST: AUC=0.7260 F1=0.5981 BalAcc=0.6432
[LSTM] ^DJI fold=19: train=2377 val=106 test=106
[LSTM] ^DJI fold=19 TEST: AUC=0.7853 F1=0.7258 BalAcc=0.6964
[LSTM] ^DJI fold=20: train=2440 val=106 test=106
[LSTM] ^DJI fold=20 TEST: AUC=0.4687 F1=0.0000 BalAcc=0.5000

[LSTM] === Символ: ^RUT ===
[LSTM] ^RUT: 2748 строк, 60 признаков
[LSTM] ^RUT fold=0: train=1180 val=106 test=106
[LSTM] ^RUT fold=0 TEST: AUC=0.7123 F1=0.7955 BalAcc=0.5000
[LSTM] ^RUT fold=1: train=1243 val=106 test=106
[LSTM] ^RUT fold=1 TEST: AUC=0.6371 F1=0.6832 BalAcc=0.5000
[LSTM] ^RUT fold=2: train=1306 val=106 test=106
[LSTM] ^RUT fold=2 TEST: AUC=0.6920 F1=0.6582 BalAcc=0.5000
[LSTM] ^RUT fold=3: train=1369 val=106 test=106
[LSTM] ^RUT fold=3 TEST: AUC=0.6161 F1=0.0323 BalAcc=0.4420
[LSTM] ^RUT fold=4: train=1432 val=106 test=106
[LSTM] ^RUT fold=4 TEST: AUC=0.7221 F1=0.5867 BalAcc=0.5000
[LSTM] ^RUT fold=5: train=1495 val=106 test=106
[LSTM] ^RUT fold=5 TEST: AUC=0.6354 F1=0.6174 BalAcc=0.5050
[LSTM] ^RUT fold=6: train=1558 val=106 test=106
[LSTM] ^RUT fold=6 TEST: AUC=0.5405 F1=0.6497 BalAcc=0.5000
[LSTM] ^RUT fold=7: train=1621 val=106 test=106
[LSTM] ^RUT fold=7 TEST: AUC=0.5070 F1=0.5867 BalAcc=0.5000
[LSTM] ^RUT fold=8: train=1684 val=106 test=106
[LSTM] ^RUT fold=8 TEST: AUC=0.5129 F1=0.6410 BalAcc=0.5000
[LSTM] ^RUT fold=9: train=1747 val=106 test=106
[LSTM] ^RUT fold=9 TEST: AUC=0.6293 F1=0.6234 BalAcc=0.5000
[LSTM] ^RUT fold=10: train=1810 val=106 test=106
[LSTM] ^RUT fold=10 TEST: AUC=0.6027 F1=0.6234 BalAcc=0.5000
[LSTM] ^RUT fold=11: train=1873 val=106 test=106
[LSTM] ^RUT fold=11 TEST: AUC=0.8561 F1=0.0000 BalAcc=0.5000
[LSTM] ^RUT fold=12: train=1936 val=106 test=106
[LSTM] ^RUT fold=12 TEST: AUC=0.5526 F1=0.5968 BalAcc=0.5221
[LSTM] ^RUT fold=13: train=1999 val=106 test=106
[LSTM] ^RUT fold=13 TEST: AUC=0.4765 F1=0.1972 BalAcc=0.4900
[LSTM] ^RUT fold=14: train=2062 val=106 test=106
[LSTM] ^RUT fold=14 TEST: AUC=0.7016 F1=0.6753 BalAcc=0.5199
[LSTM] ^RUT fold=15: train=2125 val=106 test=106
[LSTM] ^RUT fold=15 TEST: AUC=0.5661 F1=0.6761 BalAcc=0.5797
[LSTM] ^RUT fold=16: train=2188 val=106 test=106
[LSTM] ^RUT fold=16 TEST: AUC=0.5584 F1=0.5082 BalAcc=0.5094
[LSTM] ^RUT fold=17: train=2251 val=106 test=106
[LSTM] ^RUT fold=17 TEST: AUC=0.4062 F1=0.5085 BalAcc=0.4461
[LSTM] ^RUT fold=18: train=2314 val=106 test=106
[LSTM] ^RUT fold=18 TEST: AUC=0.5583 F1=0.2796 BalAcc=0.4540
[LSTM] ^RUT fold=19: train=2377 val=106 test=106
[LSTM] ^RUT fold=19 TEST: AUC=0.5368 F1=0.3778 BalAcc=0.5257
[LSTM] ^RUT fold=20: train=2440 val=106 test=106
[LSTM] ^RUT fold=20 TEST: AUC=0.5066 F1=0.3030 BalAcc=0.5526

[LSTM] Сохранено 168 строк в artifacts/metrics_walk_direction_k5.csv
[LSTM] Общее количество строк в файле: 2482

[LSTM] Сводка по test split:
        auc_mean   auc_std   f1_mean  n_folds
symbol                                       
GLD     0.532610  0.108266  0.454106       21
MSFT    0.535991  0.090244  0.614771       21
^DJI    0.622330  0.121929  0.528447       21
^RUT    0.596508  0.101868  0.505705       21
======================================================================
 ARIMA + GARCH baselines для volatility forecasting
======================================================================
 Random seed:   42
 END_DATE:      2026-06-01 (фиксация для статьи)
 Horizon:       k = 5 дней
 Символы:       ['GLD', 'MSFT', '^DJI', '^RUT']
======================================================================

[ARIMA/GARCH] === Символ: GLD ===
[ARIMA/GARCH] GLD fold=0: train=1199 val=125 test=125
[ARIMA/GARCH] GLD fold=0 TEST: ARIMA RMSE=0.004879  |  GARCH RMSE=0.004830
[ARIMA/GARCH] GLD fold=1: train=1262 val=125 test=125
[ARIMA/GARCH] GLD fold=1 TEST: ARIMA RMSE=0.006653  |  GARCH RMSE=0.005860
[ARIMA/GARCH] GLD fold=2: train=1325 val=125 test=125
[ARIMA/GARCH] GLD fold=2 TEST: ARIMA RMSE=0.013902  |  GARCH RMSE=0.009935
[ARIMA/GARCH] GLD fold=3: train=1388 val=125 test=125
[ARIMA/GARCH] GLD fold=3 TEST: ARIMA RMSE=0.003194  |  GARCH RMSE=0.003235
[ARIMA/GARCH] GLD fold=4: train=1451 val=125 test=125
[ARIMA/GARCH] GLD fold=4 TEST: ARIMA RMSE=0.003539  |  GARCH RMSE=0.004073
[ARIMA/GARCH] GLD fold=5: train=1514 val=125 test=125
[ARIMA/GARCH] GLD fold=5 TEST: ARIMA RMSE=0.003357  |  GARCH RMSE=0.003990
[ARIMA/GARCH] GLD fold=6: train=1577 val=125 test=125
[ARIMA/GARCH] GLD fold=6 TEST: ARIMA RMSE=0.003651  |  GARCH RMSE=0.003928
[ARIMA/GARCH] GLD fold=7: train=1640 val=125 test=125
[ARIMA/GARCH] GLD fold=7 TEST: ARIMA RMSE=0.003775  |  GARCH RMSE=0.003628
[ARIMA/GARCH] GLD fold=8: train=1703 val=125 test=125
[ARIMA/GARCH] GLD fold=8 TEST: ARIMA RMSE=0.002863  |  GARCH RMSE=0.002746
[ARIMA/GARCH] GLD fold=9: train=1766 val=125 test=125
[ARIMA/GARCH] GLD fold=9 TEST: ARIMA RMSE=0.003311  |  GARCH RMSE=0.002996
[ARIMA/GARCH] GLD fold=10: train=1829 val=125 test=125
[ARIMA/GARCH] GLD fold=10 TEST: ARIMA RMSE=0.005196  |  GARCH RMSE=0.003755
[ARIMA/GARCH] GLD fold=11: train=1892 val=125 test=125
[ARIMA/GARCH] GLD fold=11 TEST: ARIMA RMSE=0.003665  |  GARCH RMSE=0.003637
[ARIMA/GARCH] GLD fold=12: train=1955 val=125 test=125
[ARIMA/GARCH] GLD fold=12 TEST: ARIMA RMSE=0.005500  |  GARCH RMSE=0.005013
[ARIMA/GARCH] GLD fold=13: train=2018 val=125 test=125
[ARIMA/GARCH] GLD fold=13 TEST: ARIMA RMSE=0.004907  |  GARCH RMSE=0.005058
[ARIMA/GARCH] GLD fold=14: train=2081 val=125 test=125
[ARIMA/GARCH] GLD fold=14 TEST: ARIMA RMSE=0.006569  |  GARCH RMSE=0.004842
[ARIMA/GARCH] GLD fold=15: train=2144 val=125 test=125
[ARIMA/GARCH] GLD fold=15 TEST: ARIMA RMSE=0.003610  |  GARCH RMSE=0.003347
[ARIMA/GARCH] GLD fold=16: train=2207 val=125 test=125
[ARIMA/GARCH] GLD fold=16 TEST: ARIMA RMSE=0.003605  |  GARCH RMSE=0.003037
[ARIMA/GARCH] GLD fold=17: train=2270 val=125 test=125
[ARIMA/GARCH] GLD fold=17 TEST: ARIMA RMSE=0.003008  |  GARCH RMSE=0.002958
[ARIMA/GARCH] GLD fold=18: train=2333 val=125 test=125
[ARIMA/GARCH] GLD fold=18 TEST: ARIMA RMSE=0.003715  |  GARCH RMSE=0.003771
[ARIMA/GARCH] GLD fold=19: train=2396 val=125 test=125
[ARIMA/GARCH] GLD fold=19 TEST: ARIMA RMSE=0.004994  |  GARCH RMSE=0.004920
[ARIMA/GARCH] GLD fold=20: train=2459 val=125 test=125
[ARIMA/GARCH] GLD fold=20 TEST: ARIMA RMSE=0.004652  |  GARCH RMSE=0.004566
[ARIMA/GARCH] GLD fold=21: train=2522 val=125 test=125
[ARIMA/GARCH] GLD fold=21 TEST: ARIMA RMSE=0.006358  |  GARCH RMSE=0.006337
[ARIMA/GARCH] GLD fold=22: train=2585 val=125 test=125
[ARIMA/GARCH] GLD fold=22 TEST: ARIMA RMSE=0.011168  |  GARCH RMSE=0.011077

[ARIMA/GARCH] === Символ: MSFT ===
[ARIMA/GARCH] MSFT fold=0: train=1199 val=125 test=125
[ARIMA/GARCH] MSFT fold=0 TEST: ARIMA RMSE=0.009808  |  GARCH RMSE=0.008222
[ARIMA/GARCH] MSFT fold=1: train=1262 val=125 test=125
[ARIMA/GARCH] MSFT fold=1 TEST: ARIMA RMSE=0.011306  |  GARCH RMSE=0.007691
[ARIMA/GARCH] MSFT fold=2: train=1325 val=125 test=125
[ARIMA/GARCH] MSFT fold=2 TEST: ARIMA RMSE=0.050834  |  GARCH RMSE=0.017102
[ARIMA/GARCH] MSFT fold=3: train=1388 val=125 test=125
[ARIMA/GARCH] MSFT fold=3 TEST: ARIMA RMSE=0.008973  |  GARCH RMSE=0.006805
[ARIMA/GARCH] MSFT fold=4: train=1451 val=125 test=125
[ARIMA/GARCH] MSFT fold=4 TEST: ARIMA RMSE=0.016231  |  GARCH RMSE=0.011043
[ARIMA/GARCH] MSFT fold=5: train=1514 val=125 test=125
[ARIMA/GARCH] MSFT fold=5 TEST: ARIMA RMSE=0.005575  |  GARCH RMSE=0.011177
[ARIMA/GARCH] MSFT fold=6: train=1577 val=125 test=125
[ARIMA/GARCH] MSFT fold=6 TEST: ARIMA RMSE=0.006203  |  GARCH RMSE=0.006197
[ARIMA/GARCH] MSFT fold=7: train=1640 val=125 test=125
[ARIMA/GARCH] MSFT fold=7 TEST: ARIMA RMSE=0.012443  |  GARCH RMSE=0.008942
[ARIMA/GARCH] MSFT fold=8: train=1703 val=125 test=125
[ARIMA/GARCH] MSFT fold=8 TEST: ARIMA RMSE=0.008836  |  GARCH RMSE=0.007955
[ARIMA/GARCH] MSFT fold=9: train=1766 val=125 test=125
[ARIMA/GARCH] MSFT fold=9 TEST: ARIMA RMSE=0.009476  |  GARCH RMSE=0.009548
[ARIMA/GARCH] MSFT fold=10: train=1829 val=125 test=125
[ARIMA/GARCH] MSFT fold=10 TEST: ARIMA RMSE=0.008797  |  GARCH RMSE=0.008405
[ARIMA/GARCH] MSFT fold=11: train=1892 val=125 test=125
[ARIMA/GARCH] MSFT fold=11 TEST: ARIMA RMSE=0.009299  |  GARCH RMSE=0.006497
[ARIMA/GARCH] MSFT fold=12: train=1955 val=125 test=125
[ARIMA/GARCH] MSFT fold=12 TEST: ARIMA RMSE=0.010565  |  GARCH RMSE=0.016391
[ARIMA/GARCH] MSFT fold=13: train=2018 val=125 test=125
[ARIMA/GARCH] MSFT fold=13 TEST: ARIMA RMSE=0.008503  |  GARCH RMSE=0.010675
[ARIMA/GARCH] MSFT fold=14: train=2081 val=125 test=125
[ARIMA/GARCH] MSFT fold=14 TEST: ARIMA RMSE=0.007691  |  GARCH RMSE=0.008573
[ARIMA/GARCH] MSFT fold=15: train=2144 val=125 test=125
[ARIMA/GARCH] MSFT fold=15 TEST: ARIMA RMSE=0.005904  |  GARCH RMSE=0.005930
[ARIMA/GARCH] MSFT fold=16: train=2207 val=125 test=125
[ARIMA/GARCH] MSFT fold=16 TEST: ARIMA RMSE=0.005547  |  GARCH RMSE=0.007050
[ARIMA/GARCH] MSFT fold=17: train=2270 val=125 test=125
[ARIMA/GARCH] MSFT fold=17 TEST: ARIMA RMSE=0.005182  |  GARCH RMSE=0.006636
[ARIMA/GARCH] MSFT fold=18: train=2333 val=125 test=125
[ARIMA/GARCH] MSFT fold=18 TEST: ARIMA RMSE=0.009385  |  GARCH RMSE=0.009045
[ARIMA/GARCH] MSFT fold=19: train=2396 val=125 test=125
[ARIMA/GARCH] MSFT fold=19 TEST: ARIMA RMSE=0.010097  |  GARCH RMSE=0.009999
[ARIMA/GARCH] MSFT fold=20: train=2459 val=125 test=125
[ARIMA/GARCH] MSFT fold=20 TEST: ARIMA RMSE=0.006114  |  GARCH RMSE=0.007009
[ARIMA/GARCH] MSFT fold=21: train=2522 val=125 test=125
[ARIMA/GARCH] MSFT fold=21 TEST: ARIMA RMSE=0.004558  |  GARCH RMSE=0.005977
[ARIMA/GARCH] MSFT fold=22: train=2585 val=125 test=125
[ARIMA/GARCH] MSFT fold=22 TEST: ARIMA RMSE=0.014569  |  GARCH RMSE=0.018757

[ARIMA/GARCH] === Символ: ^DJI ===
[ARIMA/GARCH] ^DJI fold=0: train=1199 val=125 test=125
[ARIMA/GARCH] ^DJI fold=0 TEST: ARIMA RMSE=0.007806  |  GARCH RMSE=0.006703
[ARIMA/GARCH] ^DJI fold=1: train=1262 val=125 test=125
[ARIMA/GARCH] ^DJI fold=1 TEST: ARIMA RMSE=0.004614  |  GARCH RMSE=0.003908
[ARIMA/GARCH] ^DJI fold=2: train=1325 val=125 test=125
[ARIMA/GARCH] ^DJI fold=2 TEST: ARIMA RMSE=0.052423  |  GARCH RMSE=0.030027
[ARIMA/GARCH] ^DJI fold=3: train=1388 val=125 test=125
[ARIMA/GARCH] ^DJI fold=3 TEST: ARIMA RMSE=0.014594  |  GARCH RMSE=0.008126
[ARIMA/GARCH] ^DJI fold=4: train=1451 val=125 test=125
[ARIMA/GARCH] ^DJI fold=4 TEST: ARIMA RMSE=0.007923  |  GARCH RMSE=0.008020
[ARIMA/GARCH] ^DJI fold=5: train=1514 val=125 test=125
[ARIMA/GARCH] ^DJI fold=5 TEST: ARIMA RMSE=0.003400  |  GARCH RMSE=0.004297
[ARIMA/GARCH] ^DJI fold=6: train=1577 val=125 test=125
[ARIMA/GARCH] ^DJI fold=6 TEST: ARIMA RMSE=0.003796  |  GARCH RMSE=0.003771
[ARIMA/GARCH] ^DJI fold=7: train=1640 val=125 test=125
[ARIMA/GARCH] ^DJI fold=7 TEST: ARIMA RMSE=0.005527  |  GARCH RMSE=0.004677
[ARIMA/GARCH] ^DJI fold=8: train=1703 val=125 test=125
[ARIMA/GARCH] ^DJI fold=8 TEST: ARIMA RMSE=0.005201  |  GARCH RMSE=0.004908
[ARIMA/GARCH] ^DJI fold=9: train=1766 val=125 test=125
[ARIMA/GARCH] ^DJI fold=9 TEST: ARIMA RMSE=0.004397  |  GARCH RMSE=0.004763
[ARIMA/GARCH] ^DJI fold=10: train=1829 val=125 test=125
[ARIMA/GARCH] ^DJI fold=10 TEST: ARIMA RMSE=0.004041  |  GARCH RMSE=0.003685
[ARIMA/GARCH] ^DJI fold=11: train=1892 val=125 test=125
[ARIMA/GARCH] ^DJI fold=11 TEST: ARIMA RMSE=0.007424  |  GARCH RMSE=0.003349
[ARIMA/GARCH] ^DJI fold=12: train=1955 val=125 test=125
[ARIMA/GARCH] ^DJI fold=12 TEST: ARIMA RMSE=0.010147  |  GARCH RMSE=0.012212
[ARIMA/GARCH] ^DJI fold=13: train=2018 val=125 test=125
[ARIMA/GARCH] ^DJI fold=13 TEST: ARIMA RMSE=0.005358  |  GARCH RMSE=0.006290
[ARIMA/GARCH] ^DJI fold=14: train=2081 val=125 test=125
[ARIMA/GARCH] ^DJI fold=14 TEST: ARIMA RMSE=0.004494  |  GARCH RMSE=0.002463
[ARIMA/GARCH] ^DJI fold=15: train=2144 val=125 test=125
[ARIMA/GARCH] ^DJI fold=15 TEST: ARIMA RMSE=0.002238  |  GARCH RMSE=0.003347
[ARIMA/GARCH] ^DJI fold=16: train=2207 val=125 test=125
[ARIMA/GARCH] ^DJI fold=16 TEST: ARIMA RMSE=0.002735  |  GARCH RMSE=0.003120
[ARIMA/GARCH] ^DJI fold=17: train=2270 val=125 test=125
[ARIMA/GARCH] ^DJI fold=17 TEST: ARIMA RMSE=0.003394  |  GARCH RMSE=0.003150
[ARIMA/GARCH] ^DJI fold=18: train=2333 val=125 test=125
[ARIMA/GARCH] ^DJI fold=18 TEST: ARIMA RMSE=0.007973  |  GARCH RMSE=0.007689
[ARIMA/GARCH] ^DJI fold=19: train=2396 val=125 test=125
[ARIMA/GARCH] ^DJI fold=19 TEST: ARIMA RMSE=0.009379  |  GARCH RMSE=0.008140
[ARIMA/GARCH] ^DJI fold=20: train=2459 val=125 test=125
[ARIMA/GARCH] ^DJI fold=20 TEST: ARIMA RMSE=0.003130  |  GARCH RMSE=0.003301
[ARIMA/GARCH] ^DJI fold=21: train=2522 val=125 test=125
[ARIMA/GARCH] ^DJI fold=21 TEST: ARIMA RMSE=0.003164  |  GARCH RMSE=0.004387
[ARIMA/GARCH] ^DJI fold=22: train=2585 val=125 test=125
[ARIMA/GARCH] ^DJI fold=22 TEST: ARIMA RMSE=0.016048  |  GARCH RMSE=0.021673

[ARIMA/GARCH] === Символ: ^RUT ===
[ARIMA/GARCH] ^RUT fold=0: train=1199 val=125 test=125
[ARIMA/GARCH] ^RUT fold=0 TEST: ARIMA RMSE=0.010234  |  GARCH RMSE=0.009986
[ARIMA/GARCH] ^RUT fold=1: train=1262 val=125 test=125
[ARIMA/GARCH] ^RUT fold=1 TEST: ARIMA RMSE=0.008509  |  GARCH RMSE=0.006056
[ARIMA/GARCH] ^RUT fold=2: train=1325 val=125 test=125
[ARIMA/GARCH] ^RUT fold=2 TEST: ARIMA RMSE=0.051996  |  GARCH RMSE=0.028363
[ARIMA/GARCH] ^RUT fold=3: train=1388 val=125 test=125
[ARIMA/GARCH] ^RUT fold=3 TEST: ARIMA RMSE=0.013662  |  GARCH RMSE=0.006876
[ARIMA/GARCH] ^RUT fold=4: train=1451 val=125 test=125
[ARIMA/GARCH] ^RUT fold=4 TEST: ARIMA RMSE=0.007655  |  GARCH RMSE=0.006674
[ARIMA/GARCH] ^RUT fold=5: train=1514 val=125 test=125
[ARIMA/GARCH] ^RUT fold=5 TEST: ARIMA RMSE=0.005130  |  GARCH RMSE=0.008740
[ARIMA/GARCH] ^RUT fold=6: train=1577 val=125 test=125
[ARIMA/GARCH] ^RUT fold=6 TEST: ARIMA RMSE=0.006733  |  GARCH RMSE=0.005133
[ARIMA/GARCH] ^RUT fold=7: train=1640 val=125 test=125
[ARIMA/GARCH] ^RUT fold=7 TEST: ARIMA RMSE=0.006984  |  GARCH RMSE=0.005629
[ARIMA/GARCH] ^RUT fold=8: train=1703 val=125 test=125
[ARIMA/GARCH] ^RUT fold=8 TEST: ARIMA RMSE=0.006637  |  GARCH RMSE=0.006264
[ARIMA/GARCH] ^RUT fold=9: train=1766 val=125 test=125
[ARIMA/GARCH] ^RUT fold=9 TEST: ARIMA RMSE=0.005804  |  GARCH RMSE=0.005516
[ARIMA/GARCH] ^RUT fold=10: train=1829 val=125 test=125
[ARIMA/GARCH] ^RUT fold=10 TEST: ARIMA RMSE=0.006176  |  GARCH RMSE=0.005379
[ARIMA/GARCH] ^RUT fold=11: train=1892 val=125 test=125
[ARIMA/GARCH] ^RUT fold=11 TEST: ARIMA RMSE=0.009766  |  GARCH RMSE=0.006817
[ARIMA/GARCH] ^RUT fold=12: train=1955 val=125 test=125
[ARIMA/GARCH] ^RUT fold=12 TEST: ARIMA RMSE=0.011224  |  GARCH RMSE=0.012489
[ARIMA/GARCH] ^RUT fold=13: train=2018 val=125 test=125
[ARIMA/GARCH] ^RUT fold=13 TEST: ARIMA RMSE=0.005734  |  GARCH RMSE=0.005823
[ARIMA/GARCH] ^RUT fold=14: train=2081 val=125 test=125
[ARIMA/GARCH] ^RUT fold=14 TEST: ARIMA RMSE=0.006125  |  GARCH RMSE=0.004855
[ARIMA/GARCH] ^RUT fold=15: train=2144 val=125 test=125
[ARIMA/GARCH] ^RUT fold=15 TEST: ARIMA RMSE=0.004392  |  GARCH RMSE=0.004706
[ARIMA/GARCH] ^RUT fold=16: train=2207 val=125 test=125
[ARIMA/GARCH] ^RUT fold=16 TEST: ARIMA RMSE=0.004488  |  GARCH RMSE=0.004112
[ARIMA/GARCH] ^RUT fold=17: train=2270 val=125 test=125
[ARIMA/GARCH] ^RUT fold=17 TEST: ARIMA RMSE=0.005513  |  GARCH RMSE=0.005104
[ARIMA/GARCH] ^RUT fold=18: train=2333 val=125 test=125
[ARIMA/GARCH] ^RUT fold=18 TEST: ARIMA RMSE=0.008994  |  GARCH RMSE=0.008859
[ARIMA/GARCH] ^RUT fold=19: train=2396 val=125 test=125
[ARIMA/GARCH] ^RUT fold=19 TEST: ARIMA RMSE=0.008746  |  GARCH RMSE=0.008437
[ARIMA/GARCH] ^RUT fold=20: train=2459 val=125 test=125
[ARIMA/GARCH] ^RUT fold=20 TEST: ARIMA RMSE=0.004059  |  GARCH RMSE=0.004063
[ARIMA/GARCH] ^RUT fold=21: train=2522 val=125 test=125
[ARIMA/GARCH] ^RUT fold=21 TEST: ARIMA RMSE=0.004902  |  GARCH RMSE=0.005081
[ARIMA/GARCH] ^RUT fold=22: train=2585 val=125 test=125
[ARIMA/GARCH] ^RUT fold=22 TEST: ARIMA RMSE=0.017727  |  GARCH RMSE=0.022675

[ARIMA/GARCH] Сохранено 368 строк в artifacts/metrics_walk_volatility_k5.csv
[ARIMA/GARCH] Общее количество строк в файле: 2804

[ARIMA/GARCH] Сводка по test split:

  ARIMA:
        rmse_mean  rmse_std  mae_mean  n_folds
symbol                                        
GLD      0.005047  0.002653  0.004028       23
MSFT     0.010691  0.009233  0.009278       23
^DJI     0.008226  0.010289  0.007217       23
^RUT     0.009617  0.009791  0.008348       23

  GARCH:
        rmse_mean  rmse_std  mae_mean  n_folds
symbol                                        
GLD      0.004676  0.002072  0.003693       23
MSFT     0.009375  0.003568  0.008135       23
^DJI     0.007044  0.006495  0.006113       23
^RUT     0.008158  0.005901  0.006965       23
======================================================================
 Diebold-Mariano test (с HLN поправкой)
======================================================================
 Horizon h = 5
 H₀: модели прогнозируют одинаково хорошо
 H₁: предлагаемая модель прогнозирует ЛУЧШЕ (one-sided)
======================================================================

[DATA] Direction CSV: 1241 строк test split
[DATA] Direction models: ['BASELINE_ALL_ZERO', 'BASELINE_CONST_FROM_TRAIN', 'HGB', 'HYBRID_STACK', 'HYBRID_VOTING', 'LGBM', 'LOGREG', 'LSTM', 'RF', 'XGB']

[DATA] Volatility CSV: 1402 строк test split
[DATA] Volatility models: ['ARIMA', 'BASELINE_MEAN_TRAIN', 'BASELINE_PERSIST', 'BASELINE_ZERO', 'EXTRATREES', 'GARCH', 'HGB', 'HYBRID_STACK_REG', 'LGBM', 'XGB']

======================================================================
 DM-тесты: DIRECTION (AUC)
======================================================================
    HYBRID_VOTING vs LSTM       | AAPL   | T=14 | mean(A)=0.4739 mean(B)=0.5553 | DM_HLN=206449.707 p=1.0000 n.s.
    HYBRID_VOTING vs LSTM       | TSLA   | T=14 | mean(A)=0.5438 mean(B)=0.5326 | DM_HLN=-0.595 p=0.2812 n.s.
    HYBRID_VOTING vs LSTM       | ^GSPC  | T=14 | mean(A)=0.4938 mean(B)=0.5324 | DM_HLN= 1.509 p=0.9223 n.s.
    HYBRID_VOTING vs LSTM       | ^IXIC  | T=14 | mean(A)=0.5697 mean(B)=0.5620 | DM_HLN=-1.080 p=0.1498 n.s.
    HYBRID_VOTING vs LOGREG     | AAPL   | T=14 | mean(A)=0.4739 mean(B)=0.5336 | DM_HLN= 5.037 p=0.9999 n.s.
    HYBRID_VOTING vs LOGREG     | TSLA   | T=14 | mean(A)=0.5438 mean(B)=0.5464 | DM_HLN= 0.074 p=0.5290 n.s.
    HYBRID_VOTING vs LOGREG     | ^GSPC  | T=14 | mean(A)=0.4938 mean(B)=0.5248 | DM_HLN=78580.997 p=1.0000 n.s.
    HYBRID_VOTING vs LOGREG     | ^IXIC  | T=14 | mean(A)=0.5697 mean(B)=0.5421 | DM_HLN=-2.369 p=0.0170 ** p<0.05
    HYBRID_VOTING vs HGB        | AAPL   | T=14 | mean(A)=0.4739 mean(B)=0.4886 | DM_HLN= 4.067 p=0.9993 n.s.
    HYBRID_VOTING vs HGB        | TSLA   | T=14 | mean(A)=0.5438 mean(B)=0.5391 | DM_HLN=-0.407 p=0.3453 n.s.
    HYBRID_VOTING vs HGB        | ^GSPC  | T=14 | mean(A)=0.4938 mean(B)=0.4774 | DM_HLN=-2.404 p=0.0159 ** p<0.05
    HYBRID_VOTING vs HGB        | ^IXIC  | T=14 | mean(A)=0.5697 mean(B)=0.5659 | DM_HLN=-9831.053 p=0.0000 *** p<0.01
    HYBRID_VOTING vs XGB        | AAPL   | T=14 | mean(A)=0.4739 mean(B)=0.4592 | DM_HLN=-1.232 p=0.1198 n.s.
    HYBRID_VOTING vs XGB        | TSLA   | T=14 | mean(A)=0.5438 mean(B)=0.5300 | DM_HLN=-0.856 p=0.2037 n.s.
    HYBRID_VOTING vs XGB        | ^GSPC  | T=14 | mean(A)=0.4938 mean(B)=0.4943 | DM_HLN= 0.081 p=0.5318 n.s.
    HYBRID_VOTING vs XGB        | ^IXIC  | T=14 | mean(A)=0.5697 mean(B)=0.5528 | DM_HLN=-1.036 p=0.1595 n.s.
    HYBRID_VOTING vs LGBM       | AAPL   | T=14 | mean(A)=0.4739 mean(B)=0.4717 | DM_HLN=-5559.663 p=0.0000 *** p<0.01
    HYBRID_VOTING vs LGBM       | TSLA   | T=14 | mean(A)=0.5438 mean(B)=0.5526 | DM_HLN=22330.254 p=1.0000 n.s.
    HYBRID_VOTING vs LGBM       | ^GSPC  | T=14 | mean(A)=0.4938 mean(B)=0.5054 | DM_HLN=29425.292 p=1.0000 n.s.
    HYBRID_VOTING vs LGBM       | ^IXIC  | T=14 | mean(A)=0.5697 mean(B)=0.5526 | DM_HLN=-1.080 p=0.1498 n.s.
    HYBRID_VOTING vs RF         | AAPL   | T=14 | mean(A)=0.4739 mean(B)=0.4778 | DM_HLN=9889.663 p=1.0000 n.s.
    HYBRID_VOTING vs RF         | TSLA   | T=14 | mean(A)=0.5438 mean(B)=0.5116 | DM_HLN=-81644.630 p=0.0000 *** p<0.01
    HYBRID_VOTING vs RF         | ^GSPC  | T=14 | mean(A)=0.4938 mean(B)=0.4695 | DM_HLN=-1.669 p=0.0595 * p<0.10
    HYBRID_VOTING vs RF         | ^IXIC  | T=14 | mean(A)=0.5697 mean(B)=0.5431 | DM_HLN=-2.312 p=0.0189 ** p<0.05
     HYBRID_STACK vs LSTM       | AAPL   | T=14 | mean(A)=0.5586 mean(B)=0.5553 | DM_HLN=-0.057 p=0.4775 n.s.
     HYBRID_STACK vs LSTM       | TSLA   | T=14 | mean(A)=0.4981 mean(B)=0.5326 | DM_HLN= 0.699 p=0.7516 n.s.
     HYBRID_STACK vs LSTM       | ^GSPC  | T=14 | mean(A)=0.5507 mean(B)=0.5324 | DM_HLN=-1.493 p=0.0797 * p<0.10
     HYBRID_STACK vs LSTM       | ^IXIC  | T=14 | mean(A)=0.4972 mean(B)=0.5620 | DM_HLN=164403.068 p=1.0000 n.s.
     HYBRID_STACK vs LOGREG     | AAPL   | T=14 | mean(A)=0.5586 mean(B)=0.5336 | DM_HLN=-1.030 p=0.1610 n.s.
     HYBRID_STACK vs LOGREG     | TSLA   | T=14 | mean(A)=0.4981 mean(B)=0.5464 | DM_HLN= 0.808 p=0.7832 n.s.
     HYBRID_STACK vs LOGREG     | ^GSPC  | T=14 | mean(A)=0.5507 mean(B)=0.5248 | DM_HLN=-1.202 p=0.1253 n.s.
     HYBRID_STACK vs LOGREG     | ^IXIC  | T=14 | mean(A)=0.4972 mean(B)=0.5421 | DM_HLN= 6.489 p=1.0000 n.s.
    HYBRID_VOTING vs HYBRID_STACK | AAPL   | T=14 | mean(A)=0.4739 mean(B)=0.5586 | DM_HLN= 7.737 p=1.0000 n.s.
    HYBRID_VOTING vs HYBRID_STACK | TSLA   | T=14 | mean(A)=0.5438 mean(B)=0.4981 | DM_HLN=-115844.964 p=0.0000 *** p<0.01
    HYBRID_VOTING vs HYBRID_STACK | ^GSPC  | T=14 | mean(A)=0.4938 mean(B)=0.5507 | DM_HLN= 2.776 p=0.9921 n.s.
    HYBRID_VOTING vs HYBRID_STACK | ^IXIC  | T=14 | mean(A)=0.5697 mean(B)=0.4972 | DM_HLN=-183882.533 p=0.0000 *** p<0.01

======================================================================
 DM-тесты: VOLATILITY (RMSE)
======================================================================
       EXTRATREES vs ARIMA              | AAPL   | T=14 | mean(A)=0.007105 mean(B)=0.013773 | DM_HLN=-2.117 p=0.0271 ** p<0.05
       EXTRATREES vs ARIMA              | TSLA   | T=14 | mean(A)=0.013913 mean(B)=0.026387 | DM_HLN=-1.643 p=0.0621 * p<0.10
       EXTRATREES vs ARIMA              | ^GSPC  | T=14 | mean(A)=0.003809 mean(B)=0.010216 | DM_HLN=-1.894 p=0.0403 ** p<0.05
       EXTRATREES vs ARIMA              | ^IXIC  | T=14 | mean(A)=0.004765 mean(B)=0.011532 | DM_HLN=-2.978 p=0.0053 *** p<0.01
       EXTRATREES vs GARCH              | AAPL   | T=14 | mean(A)=0.007105 mean(B)=0.010819 | DM_HLN=-2.513 p=0.0130 ** p<0.05
       EXTRATREES vs GARCH              | TSLA   | T=14 | mean(A)=0.013913 mean(B)=0.023833 | DM_HLN=-1.622 p=0.0644 * p<0.10
       EXTRATREES vs GARCH              | ^GSPC  | T=14 | mean(A)=0.003809 mean(B)=0.007867 | DM_HLN=-2.515 p=0.0129 ** p<0.05
       EXTRATREES vs GARCH              | ^IXIC  | T=14 | mean(A)=0.004765 mean(B)=0.009034 | DM_HLN=-11.271 p=0.0000 *** p<0.01
       EXTRATREES vs XGB                | AAPL   | T=14 | mean(A)=0.007105 mean(B)=0.007913 | DM_HLN=-2.832 p=0.0071 *** p<0.01
       EXTRATREES vs XGB                | TSLA   | T=14 | mean(A)=0.013913 mean(B)=0.014842 | DM_HLN=-1.757 p=0.0512 * p<0.10
       EXTRATREES vs XGB                | ^GSPC  | T=14 | mean(A)=0.003809 mean(B)=0.004031 | DM_HLN=-1.443 p=0.0863 * p<0.10
       EXTRATREES vs XGB                | ^IXIC  | T=14 | mean(A)=0.004765 mean(B)=0.004959 | DM_HLN=-1.416 p=0.0901 * p<0.10
       EXTRATREES vs LGBM               | AAPL   | T=14 | mean(A)=0.007105 mean(B)=0.008023 | DM_HLN=-1.465 p=0.0833 * p<0.10
       EXTRATREES vs LGBM               | TSLA   | T=14 | mean(A)=0.013913 mean(B)=0.014711 | DM_HLN=-3.492 p=0.0020 *** p<0.01
       EXTRATREES vs LGBM               | ^GSPC  | T=14 | mean(A)=0.003809 mean(B)=0.003923 | DM_HLN=-0.696 p=0.2493 n.s.
       EXTRATREES vs LGBM               | ^IXIC  | T=14 | mean(A)=0.004765 mean(B)=0.004954 | DM_HLN=-1.509 p=0.0776 * p<0.10
       EXTRATREES vs HGB                | AAPL   | T=14 | mean(A)=0.007105 mean(B)=0.009193 | DM_HLN=-1.542 p=0.0735 * p<0.10
       EXTRATREES vs HGB                | TSLA   | T=14 | mean(A)=0.013913 mean(B)=0.015738 | DM_HLN=-1.503 p=0.0783 * p<0.10
       EXTRATREES vs HGB                | ^GSPC  | T=14 | mean(A)=0.003809 mean(B)=0.004879 | DM_HLN=-4.132 p=0.0006 *** p<0.01
       EXTRATREES vs HGB                | ^IXIC  | T=14 | mean(A)=0.004765 mean(B)=0.005452 | DM_HLN=-1.399 p=0.0925 * p<0.10
       EXTRATREES vs HYBRID_STACK_REG   | AAPL   | T=14 | mean(A)=0.007105 mean(B)=0.007627 | DM_HLN=-1324.401 p=0.0000 *** p<0.01
       EXTRATREES vs HYBRID_STACK_REG   | TSLA   | T=14 | mean(A)=0.013913 mean(B)=0.014105 | DM_HLN=-0.586 p=0.2838 n.s.
       EXTRATREES vs HYBRID_STACK_REG   | ^GSPC  | T=14 | mean(A)=0.003809 mean(B)=0.004307 | DM_HLN=-1.800 p=0.0475 ** p<0.05
       EXTRATREES vs HYBRID_STACK_REG   | ^IXIC  | T=14 | mean(A)=0.004765 mean(B)=0.005274 | DM_HLN=-1289.281 p=0.0000 *** p<0.01

[ARTIFACT] Результаты DM-тестов сохранены: artifacts/dm_test_results.csv

[SUMMARY] Статистически значимых сравнений (p < 0.05): 20 / 60
[SUMMARY] Очень значимых (p < 0.01): 12 / 60
ALL_DONE_NEWTICKERS
